<?xml version="1.0" encoding="UTF-8"?>
<!-- Generated by org.testng.reporters.JUnitXMLReporter -->
<testsuite ignored="4" hostname="DESKTOP-ML284IJ" failures="0" tests="1" name="Test home page slider teams readmore button on Chrome" time="20.281" errors="0" timestamp="2022-10-10T13:25:09 IST">
  <testcase classname="com.duosasinos.testcases.HomePageTest" name="TestSliderTeamsReadmorebutton" time="18.71"/>
  <testcase classname="com.duosasinos.testcases.HomePageTest" name="TestSliderOurServicesReadmorebutton" time="0.0">
    <ignored/>
  </testcase> <!-- TestSliderOurServicesReadmorebutton -->
  <testcase classname="com.duosasinos.testcases.HomePageTest" name="TestSliderDuosasinosReadmorebutton" time="0.0">
    <ignored/>
  </testcase> <!-- TestSliderDuosasinosReadmorebutton -->
  <testcase classname="com.duosasinos.testcases.HomePageTest" name="TestOutsourceReadmorebutton" time="0.0">
    <ignored/>
  </testcase> <!-- TestOutsourceReadmorebutton -->
  <testcase classname="com.duosasinos.testcases.HomePageTest" name="TestScrollbutton" time="0.0">
    <ignored/>
  </testcase> <!-- TestScrollbutton -->
</testsuite> <!-- Test home page slider teams readmore button on Chrome -->
