<?xml version="1.0" encoding="UTF-8"?>
<!-- Generated by org.testng.reporters.JUnitXMLReporter -->
<testsuite ignored="4" hostname="DESKTOP-ML284IJ" failures="0" tests="1" name="Test scroll button on Chrome" time="7.695" errors="0" timestamp="2022-10-10T13:25:43 IST">
  <testcase classname="com.duosasinos.testcases.HomePageTest" name="TestScrollbutton" time="5.529"/>
  <testcase classname="com.duosasinos.testcases.HomePageTest" name="TestSliderTeamsReadmorebutton" time="0.0">
    <ignored/>
  </testcase> <!-- TestSliderTeamsReadmorebutton -->
  <testcase classname="com.duosasinos.testcases.HomePageTest" name="TestSliderOurServicesReadmorebutton" time="0.0">
    <ignored/>
  </testcase> <!-- TestSliderOurServicesReadmorebutton -->
  <testcase classname="com.duosasinos.testcases.HomePageTest" name="TestSliderDuosasinosReadmorebutton" time="0.0">
    <ignored/>
  </testcase> <!-- TestSliderDuosasinosReadmorebutton -->
  <testcase classname="com.duosasinos.testcases.HomePageTest" name="TestOutsourceReadmorebutton" time="0.0">
    <ignored/>
  </testcase> <!-- TestOutsourceReadmorebutton -->
</testsuite> <!-- Test scroll button on Chrome -->
