<?xml version="1.0" encoding="UTF-8"?>
<!-- Generated by org.testng.reporters.JUnitXMLReporter -->
<testsuite ignored="5" hostname="DESKTOP-ML284IJ" failures="0" tests="1" name="Test service page research and algorithms readmore button on Chrome" time="8.053" errors="0" timestamp="2022-10-07T21:20:03 IST">
  <testcase classname="com.duosasinos.testcases.ServicePageTest" name="TestReseachandAlgorithmsReadmoreButton" time="6.581"/>
  <testcase classname="com.duosasinos.testcases.ServicePageTest" name="TestVisualDesignReadmoreButton" time="0.0">
    <ignored/>
  </testcase> <!-- TestVisualDesignReadmoreButton -->
  <testcase classname="com.duosasinos.testcases.ServicePageTest" name="TestPrintDesignReadmoreButton" time="0.0">
    <ignored/>
  </testcase> <!-- TestPrintDesignReadmoreButton -->
  <testcase classname="com.duosasinos.testcases.ServicePageTest" name="TestLegacySoftwareReadmoreButton" time="0.0">
    <ignored/>
  </testcase> <!-- TestLegacySoftwareReadmoreButton -->
  <testcase classname="com.duosasinos.testcases.ServicePageTest" name="TestQualityAssuranceReadmoreButton" time="0.0">
    <ignored/>
  </testcase> <!-- TestQualityAssuranceReadmoreButton -->
  <testcase classname="com.duosasinos.testcases.ServicePageTest" name="TestSoftwareDevelopmentReadmoreButton" time="0.0">
    <ignored/>
  </testcase> <!-- TestSoftwareDevelopmentReadmoreButton -->
</testsuite> <!-- Test service page research and algorithms readmore button on Chrome -->
