<?xml version="1.0" encoding="UTF-8"?>
<!-- Generated by org.testng.reporters.JUnitXMLReporter -->
<testsuite ignored="0" hostname="DESKTOP-ML284IJ" failures="1" tests="1" name="Test home page outsource readmore button on Firefox" time="46.984" errors="0" timestamp="2022-10-06T22:42:26 IST">
  <testcase classname="com.duosasinos.testcases.HomePageTest" name="TestOutsourceReadmorebutton" time="11.618">
    <failure type="java.lang.AssertionError" message="expected [https://duosasinos.com/outsourcing/] but found [https://duosasinos.com/]">
      <![CDATA[java.lang.AssertionError: expected [https://duosasinos.com/outsourcing/] but found [https://duosasinos.com/]
at com.duosasinos.testcases.HomePageTest.TestOutsourceReadmorebutton(HomePageTest.java:32)
at java.base/java.util.ArrayList.forEach(ArrayList.java:1511)
... Removed 33 stack frames]]>
    </failure>
  </testcase> <!-- TestOutsourceReadmorebutton -->
</testsuite> <!-- Test home page outsource readmore button on Firefox -->
