<?xml version="1.0" encoding="UTF-8"?>
<!-- Generated by org.testng.reporters.JUnitXMLReporter -->
<testsuite ignored="8" hostname="DESKTOP-ML284IJ" failures="0" tests="7" name="Regression Test" time="32.472" errors="0" timestamp="2022-10-10T13:33:04 IST">
  <testcase classname="com.duosasinos.testcases.HomePageTest" name="TestOutsourceReadmorebutton" time="8.094"/>
  <testcase classname="com.duosasinos.testcases.ServicePageTest" name="TestLegacySoftwareReadmoreButton" time="4.042"/>
  <testcase classname="com.duosasinos.testcases.ServicePageTest" name="TestPrintDesignReadmoreButton" time="3.314"/>
  <testcase classname="com.duosasinos.testcases.ServicePageTest" name="TestQualityAssuranceReadmoreButton" time="3.073"/>
  <testcase classname="com.duosasinos.testcases.ServicePageTest" name="TestReseachandAlgorithmsReadmoreButton" time="2.697"/>
  <testcase classname="com.duosasinos.testcases.ServicePageTest" name="TestSoftwareDevelopmentReadmoreButton" time="3.832"/>
  <testcase classname="com.duosasinos.testcases.ServicePageTest" name="TestVisualDesignReadmoreButton" time="3.514"/>
  <testcase classname="com.duosasinos.base.BaseClass" name="@AfterSuite generateExtentReports" time="0.0">
    <ignored/>
  </testcase> <!-- @AfterSuite generateExtentReports -->
  <testcase classname="com.duosasinos.testcases.HomePageTest" name="TestSliderTeamsReadmorebutton" time="0.0">
    <ignored/>
  </testcase> <!-- TestSliderTeamsReadmorebutton -->
  <testcase classname="com.duosasinos.testcases.HomePageTest" name="TestSliderOurServicesReadmorebutton" time="0.0">
    <ignored/>
  </testcase> <!-- TestSliderOurServicesReadmorebutton -->
  <testcase classname="com.duosasinos.base.BaseClass" name="@BeforeSuite initialiseExtentReports" time="0.0">
    <ignored/>
  </testcase> <!-- @BeforeSuite initialiseExtentReports -->
  <testcase classname="com.duosasinos.testcases.HomePageTest" name="TestSliderDuosasinosReadmorebutton" time="0.0">
    <ignored/>
  </testcase> <!-- TestSliderDuosasinosReadmorebutton -->
  <testcase classname="com.duosasinos.base.BaseClass" name="@AfterTest teardown" time="0.0">
    <ignored/>
  </testcase> <!-- @AfterTest teardown -->
  <testcase classname="com.duosasinos.base.BaseClass" name="@BeforeTest setup" time="0.0">
    <ignored/>
  </testcase> <!-- @BeforeTest setup -->
  <testcase classname="com.duosasinos.testcases.HomePageTest" name="TestScrollbutton" time="0.0">
    <ignored/>
  </testcase> <!-- TestScrollbutton -->
</testsuite> <!-- Regression Test -->
