<?xml version="1.0" encoding="UTF-8"?>
<!-- Generated by org.testng.reporters.JUnitXMLReporter -->
<testsuite ignored="0" hostname="DESKTOP-ML284IJ" failures="1" tests="1" name="Regression" time="0.211" errors="0" timestamp="2022-10-10T12:20:34 IST">
  <testcase classname="com.duosasinos.testcases.HomePageTest" name="TestOutsourceReadmorebutton" time="0.122">
    <failure type="java.lang.NullPointerException" message="Cannot invoke &amp;quot;org.openqa.selenium.WebDriver.get(String)&amp;quot; because &amp;quot;com.duosasinos.testcases.HomePageTest.driver&amp;quot; is null">
      <![CDATA[java.lang.NullPointerException: Cannot invoke "org.openqa.selenium.WebDriver.get(String)" because "com.duosasinos.testcases.HomePageTest.driver" is null
at com.duosasinos.testcases.HomePageTest.TestOutsourceReadmorebutton(HomePageTest.java:23)
at java.base/java.util.ArrayList.forEach(ArrayList.java:1511)
... Removed 27 stack frames]]>
    </failure>
  </testcase> <!-- TestOutsourceReadmorebutton -->
</testsuite> <!-- Regression -->
