<?xml version="1.0" encoding="UTF-8"?>
<testng-results ignored="0" total="1" passed="1" failed="0" skipped="0">
  <reporter-output>
  </reporter-output>
  <suite started-at="2022-10-05T11:42:13 IST" name="Suite" finished-at="2022-10-05T11:42:26 IST" duration-ms="13414">
    <groups>
      <group name="sanity">
        <method signature="HomePageTest.TestOutsourceReadmorebutton()[pri:0, instance:com.duosasinos.testcases.HomePageTest@c8c12ac]" name="TestOutsourceReadmorebutton" class="com.duosasinos.testcases.HomePageTest"/>
      </group> <!-- sanity -->
    </groups>
    <test started-at="2022-10-05T11:42:13 IST" name="Test home page outsource readmore button" finished-at="2022-10-05T11:42:26 IST" duration-ms="13414">
      <class name="com.duosasinos.testcases.HomePageTest">
        <test-method is-config="true" signature="initialiseExtentReports()[pri:0, instance:com.duosasinos.testcases.HomePageTest@c8c12ac]" started-at="2022-10-05T11:42:12 IST" name="initialiseExtentReports" finished-at="2022-10-05T11:42:13 IST" duration-ms="414" status="PASS">
          <reporter-output>
          </reporter-output>
        </test-method> <!-- initialiseExtentReports -->
        <test-method is-config="true" signature="setup(org.testng.ITestContext,java.lang.String)[pri:0, instance:com.duosasinos.testcases.HomePageTest@c8c12ac]" started-at="2022-10-05T11:42:13 IST" name="setup" finished-at="2022-10-05T11:42:17 IST" duration-ms="3976" status="PASS">
          <params>
            <param index="0">
              <value>
                <![CDATA[org.testng.TestRunner@2b148329]]>
              </value>
            </param>
            <param index="1">
              <value>
                <![CDATA[Chrome]]>
              </value>
            </param>
          </params>
          <reporter-output>
          </reporter-output>
        </test-method> <!-- setup -->
        <test-method signature="TestOutsourceReadmorebutton()[pri:0, instance:com.duosasinos.testcases.HomePageTest@c8c12ac]" started-at="2022-10-05T11:42:17 IST" name="TestOutsourceReadmorebutton" finished-at="2022-10-05T11:42:25 IST" duration-ms="8566" status="PASS">
          <reporter-output>
          </reporter-output>
        </test-method> <!-- TestOutsourceReadmorebutton -->
        <test-method is-config="true" signature="checkStatus(java.lang.reflect.Method,org.testng.ITestResult)[pri:0, instance:com.duosasinos.testcases.HomePageTest@c8c12ac]" started-at="2022-10-05T11:42:25 IST" name="checkStatus" finished-at="2022-10-05T11:42:25 IST" duration-ms="12" status="PASS">
          <params>
            <param index="0">
              <value>
                <![CDATA[public void com.duosasinos.testcases.HomePageTest.TestOutsourceReadmorebutton() throws java.lang.Throwable]]>
              </value>
            </param>
            <param index="1">
              <value>
                <![CDATA[[TestResult name=TestOutsourceReadmorebutton status=SUCCESS method=HomePageTest.TestOutsourceReadmorebutton()[pri:0, instance:com.duosasinos.testcases.HomePageTest@c8c12ac] output={null}]]]>
              </value>
            </param>
          </params>
          <reporter-output>
          </reporter-output>
        </test-method> <!-- checkStatus -->
        <test-method is-config="true" signature="teardown()[pri:0, instance:com.duosasinos.testcases.HomePageTest@c8c12ac]" started-at="2022-10-05T11:42:25 IST" name="teardown" finished-at="2022-10-05T11:42:26 IST" duration-ms="816" status="PASS">
          <reporter-output>
          </reporter-output>
        </test-method> <!-- teardown -->
        <test-method is-config="true" signature="generateExtentReports()[pri:0, instance:com.duosasinos.testcases.HomePageTest@c8c12ac]" started-at="2022-10-05T11:42:26 IST" name="generateExtentReports" finished-at="2022-10-05T11:42:28 IST" duration-ms="1600" status="PASS">
          <reporter-output>
          </reporter-output>
        </test-method> <!-- generateExtentReports -->
      </class> <!-- com.duosasinos.testcases.HomePageTest -->
    </test> <!-- Test home page outsource readmore button -->
  </suite> <!-- Suite -->
</testng-results>
